"../../../../../../mnt/cafb6ca7-e023-440f-87de-8e3b343eb004/home_estebagel/Unreal Projects/codetest/MyProjecttest/Content/Meshes/Characters/Eyelashes_baseColor.uasset" 0
"../../../../../../mnt/cafb6ca7-e023-440f-87de-8e3b343eb004/home_estebagel/Unreal Projects/codetest/MyProjecttest/Content/Meshes/Characters/Eyelashes.uasset" 1
"../../../../../../mnt/cafb6ca7-e023-440f-87de-8e3b343eb004/home_estebagel/Unreal Projects/codetest/MyProjecttest/Content/Meshes/Characters/Fingernails_baseColor.uasset" 2
"../../../../../../mnt/cafb6ca7-e023-440f-87de-8e3b343eb004/home_estebagel/Unreal Projects/codetest/MyProjecttest/Content/Meshes/Characters/Fingernails.uasset" 3
"../../../../../../mnt/cafb6ca7-e023-440f-87de-8e3b343eb004/home_estebagel/Unreal Projects/codetest/MyProjecttest/Content/Meshes/Characters/SM_scene_1.uasset" 4
"../../../../../../mnt/cafb6ca7-e023-440f-87de-8e3b343eb004/home_estebagel/Unreal Projects/codetest/MyProjecttest/Content/Meshes/Characters/Ears_baseColor.uasset" 5
"../../../../../../mnt/cafb6ca7-e023-440f-87de-8e3b343eb004/home_estebagel/Unreal Projects/codetest/MyProjecttest/Content/Meshes/Characters/Ears.uasset" 6
"../../../../../../mnt/cafb6ca7-e023-440f-87de-8e3b343eb004/home_estebagel/Unreal Projects/codetest/MyProjecttest/Content/Meshes/Characters/SM_scene_10.uasset" 7
"../../../../../../mnt/cafb6ca7-e023-440f-87de-8e3b343eb004/home_estebagel/Unreal Projects/codetest/MyProjecttest/Content/Meshes/Characters/Irises_baseColor.uasset" 8
"../../../../../../mnt/cafb6ca7-e023-440f-87de-8e3b343eb004/home_estebagel/Unreal Projects/codetest/MyProjecttest/Content/Meshes/Characters/Irises.uasset" 9
"../../../../../../mnt/cafb6ca7-e023-440f-87de-8e3b343eb004/home_estebagel/Unreal Projects/codetest/MyProjecttest/Content/Meshes/Characters/SM_scene_11.uasset" 10
"../../../../../../mnt/cafb6ca7-e023-440f-87de-8e3b343eb004/home_estebagel/Unreal Projects/codetest/MyProjecttest/Content/Meshes/Characters/Legs_baseColor.uasset" 11
"../../../../../../mnt/cafb6ca7-e023-440f-87de-8e3b343eb004/home_estebagel/Unreal Projects/codetest/MyProjecttest/Content/Meshes/Characters/Legs.uasset" 12
"../../../../../../mnt/cafb6ca7-e023-440f-87de-8e3b343eb004/home_estebagel/Unreal Projects/codetest/MyProjecttest/Content/Meshes/Characters/SM_scene_12.uasset" 13
"../../../../../../mnt/cafb6ca7-e023-440f-87de-8e3b343eb004/home_estebagel/Unreal Projects/codetest/MyProjecttest/Content/Meshes/Characters/EyeSocket_baseColor.uasset" 14
"../../../../../../mnt/cafb6ca7-e023-440f-87de-8e3b343eb004/home_estebagel/Unreal Projects/codetest/MyProjecttest/Content/Meshes/Characters/EyeSocket.uasset" 15
"../../../../../../mnt/cafb6ca7-e023-440f-87de-8e3b343eb004/home_estebagel/Unreal Projects/codetest/MyProjecttest/Content/Meshes/Characters/SM_scene_13.uasset" 16
"../../../../../../mnt/cafb6ca7-e023-440f-87de-8e3b343eb004/home_estebagel/Unreal Projects/codetest/MyProjecttest/Content/Meshes/Characters/EyeMoisture_baseColor.uasset" 17
"../../../../../../mnt/cafb6ca7-e023-440f-87de-8e3b343eb004/home_estebagel/Unreal Projects/codetest/MyProjecttest/Content/Meshes/Characters/EyeMoisture.uasset" 18
"../../../../../../mnt/cafb6ca7-e023-440f-87de-8e3b343eb004/home_estebagel/Unreal Projects/codetest/MyProjecttest/Content/Meshes/Characters/SM_scene_14.uasset" 19
"../../../../../../mnt/cafb6ca7-e023-440f-87de-8e3b343eb004/home_estebagel/Unreal Projects/codetest/MyProjecttest/Content/Meshes/Characters/Mouth_baseColor.uasset" 20
"../../../../../../mnt/cafb6ca7-e023-440f-87de-8e3b343eb004/home_estebagel/Unreal Projects/codetest/MyProjecttest/Content/Meshes/Characters/Mouth.uasset" 21
"../../../../../../mnt/cafb6ca7-e023-440f-87de-8e3b343eb004/home_estebagel/Unreal Projects/codetest/MyProjecttest/Content/Meshes/Characters/SM_scene_15.uasset" 22
"../../../../../../mnt/cafb6ca7-e023-440f-87de-8e3b343eb004/home_estebagel/Unreal Projects/codetest/MyProjecttest/Content/Meshes/Characters/Arms_baseColor.uasset" 23
"../../../../../../mnt/cafb6ca7-e023-440f-87de-8e3b343eb004/home_estebagel/Unreal Projects/codetest/MyProjecttest/Content/Meshes/Characters/Arms.uasset" 24
"../../../../../../mnt/cafb6ca7-e023-440f-87de-8e3b343eb004/home_estebagel/Unreal Projects/codetest/MyProjecttest/Content/Meshes/Characters/SM_scene_16.uasset" 25
"../../../../../../mnt/cafb6ca7-e023-440f-87de-8e3b343eb004/home_estebagel/Unreal Projects/codetest/MyProjecttest/Content/Meshes/Characters/dress_baseColor.uasset" 26
"../../../../../../mnt/cafb6ca7-e023-440f-87de-8e3b343eb004/home_estebagel/Unreal Projects/codetest/MyProjecttest/Content/Meshes/Characters/dress.uasset" 27
"../../../../../../mnt/cafb6ca7-e023-440f-87de-8e3b343eb004/home_estebagel/Unreal Projects/codetest/MyProjecttest/Content/Meshes/Characters/SM_scene_17.uasset" 28
"../../../../../../mnt/cafb6ca7-e023-440f-87de-8e3b343eb004/home_estebagel/Unreal Projects/codetest/MyProjecttest/Content/Meshes/Characters/Boot.uasset" 29
"../../../../../../mnt/cafb6ca7-e023-440f-87de-8e3b343eb004/home_estebagel/Unreal Projects/codetest/MyProjecttest/Content/Meshes/Characters/SM_scene_18.uasset" 30
"../../../../../../mnt/cafb6ca7-e023-440f-87de-8e3b343eb004/home_estebagel/Unreal Projects/codetest/MyProjecttest/Content/Meshes/Characters/Laces.uasset" 31
"../../../../../../mnt/cafb6ca7-e023-440f-87de-8e3b343eb004/home_estebagel/Unreal Projects/codetest/MyProjecttest/Content/Meshes/Characters/SM_scene_19.uasset" 32
"../../../../../../mnt/cafb6ca7-e023-440f-87de-8e3b343eb004/home_estebagel/Unreal Projects/codetest/MyProjecttest/Content/Meshes/Characters/Toenails_baseColor.uasset" 33
"../../../../../../mnt/cafb6ca7-e023-440f-87de-8e3b343eb004/home_estebagel/Unreal Projects/codetest/MyProjecttest/Content/Meshes/Characters/Toenails.uasset" 34
"../../../../../../mnt/cafb6ca7-e023-440f-87de-8e3b343eb004/home_estebagel/Unreal Projects/codetest/MyProjecttest/Content/Meshes/Characters/SM_scene_2.uasset" 35
"../../../../../../mnt/cafb6ca7-e023-440f-87de-8e3b343eb004/home_estebagel/Unreal Projects/codetest/MyProjecttest/Content/Meshes/Characters/SoleInner_baseColor.uasset" 36
"../../../../../../mnt/cafb6ca7-e023-440f-87de-8e3b343eb004/home_estebagel/Unreal Projects/codetest/MyProjecttest/Content/Meshes/Characters/SoleInner.uasset" 37
"../../../../../../mnt/cafb6ca7-e023-440f-87de-8e3b343eb004/home_estebagel/Unreal Projects/codetest/MyProjecttest/Content/Meshes/Characters/SM_scene_20.uasset" 38
"../../../../../../mnt/cafb6ca7-e023-440f-87de-8e3b343eb004/home_estebagel/Unreal Projects/codetest/MyProjecttest/Content/Meshes/Characters/Sole.uasset" 39
"../../../../../../mnt/cafb6ca7-e023-440f-87de-8e3b343eb004/home_estebagel/Unreal Projects/codetest/MyProjecttest/Content/Meshes/Characters/SM_scene_21.uasset" 40
"../../../../../../mnt/cafb6ca7-e023-440f-87de-8e3b343eb004/home_estebagel/Unreal Projects/codetest/MyProjecttest/Content/Meshes/Characters/HeelTip.uasset" 41
"../../../../../../mnt/cafb6ca7-e023-440f-87de-8e3b343eb004/home_estebagel/Unreal Projects/codetest/MyProjecttest/Content/Meshes/Characters/SM_scene_22.uasset" 42
"../../../../../../mnt/cafb6ca7-e023-440f-87de-8e3b343eb004/home_estebagel/Unreal Projects/codetest/MyProjecttest/Content/Meshes/Characters/SoleBottom.uasset" 43
"../../../../../../mnt/cafb6ca7-e023-440f-87de-8e3b343eb004/home_estebagel/Unreal Projects/codetest/MyProjecttest/Content/Meshes/Characters/SM_scene_23.uasset" 44
"../../../../../../mnt/cafb6ca7-e023-440f-87de-8e3b343eb004/home_estebagel/Unreal Projects/codetest/MyProjecttest/Content/Meshes/Characters/Boot_0.uasset" 45
"../../../../../../mnt/cafb6ca7-e023-440f-87de-8e3b343eb004/home_estebagel/Unreal Projects/codetest/MyProjecttest/Content/Meshes/Characters/SM_scene_24.uasset" 46
"../../../../../../mnt/cafb6ca7-e023-440f-87de-8e3b343eb004/home_estebagel/Unreal Projects/codetest/MyProjecttest/Content/Meshes/Characters/Laces_0.uasset" 47
"../../../../../../mnt/cafb6ca7-e023-440f-87de-8e3b343eb004/home_estebagel/Unreal Projects/codetest/MyProjecttest/Content/Meshes/Characters/SM_scene_25.uasset" 48
"../../../../../../mnt/cafb6ca7-e023-440f-87de-8e3b343eb004/home_estebagel/Unreal Projects/codetest/MyProjecttest/Content/Meshes/Characters/SoleInner_0_baseColor.uasset" 49
"../../../../../../mnt/cafb6ca7-e023-440f-87de-8e3b343eb004/home_estebagel/Unreal Projects/codetest/MyProjecttest/Content/Meshes/Characters/SoleInner_0.uasset" 50
"../../../../../../mnt/cafb6ca7-e023-440f-87de-8e3b343eb004/home_estebagel/Unreal Projects/codetest/MyProjecttest/Content/Meshes/Characters/SM_scene_26.uasset" 51
"../../../../../../mnt/cafb6ca7-e023-440f-87de-8e3b343eb004/home_estebagel/Unreal Projects/codetest/MyProjecttest/Content/Meshes/Characters/Sole_0.uasset" 52
"../../../../../../mnt/cafb6ca7-e023-440f-87de-8e3b343eb004/home_estebagel/Unreal Projects/codetest/MyProjecttest/Content/Meshes/Characters/SM_scene_27.uasset" 53
"../../../../../../mnt/cafb6ca7-e023-440f-87de-8e3b343eb004/home_estebagel/Unreal Projects/codetest/MyProjecttest/Content/Meshes/Characters/HeelTip_0.uasset" 54
"../../../../../../mnt/cafb6ca7-e023-440f-87de-8e3b343eb004/home_estebagel/Unreal Projects/codetest/MyProjecttest/Content/Meshes/Characters/SM_scene_28.uasset" 55
"../../../../../../mnt/cafb6ca7-e023-440f-87de-8e3b343eb004/home_estebagel/Unreal Projects/codetest/MyProjecttest/Content/Meshes/Characters/SoleBottom_0.uasset" 56
"../../../../../../mnt/cafb6ca7-e023-440f-87de-8e3b343eb004/home_estebagel/Unreal Projects/codetest/MyProjecttest/Content/Meshes/Characters/SM_scene_29.uasset" 57
"../../../../../../mnt/cafb6ca7-e023-440f-87de-8e3b343eb004/home_estebagel/Unreal Projects/codetest/MyProjecttest/Content/Meshes/Characters/Torso_baseColor.uasset" 58
"../../../../../../mnt/cafb6ca7-e023-440f-87de-8e3b343eb004/home_estebagel/Unreal Projects/codetest/MyProjecttest/Content/Meshes/Characters/Torso.uasset" 59
"../../../../../../mnt/cafb6ca7-e023-440f-87de-8e3b343eb004/home_estebagel/Unreal Projects/codetest/MyProjecttest/Content/Meshes/Characters/Face_baseColor.uasset" 60
"../../../../../../mnt/cafb6ca7-e023-440f-87de-8e3b343eb004/home_estebagel/Unreal Projects/codetest/MyProjecttest/Content/Meshes/Characters/Face.uasset" 61
"../../../../../../mnt/cafb6ca7-e023-440f-87de-8e3b343eb004/home_estebagel/Unreal Projects/codetest/MyProjecttest/Content/Meshes/Characters/SM_scene_6.uasset" 62
"../../../../../../mnt/cafb6ca7-e023-440f-87de-8e3b343eb004/home_estebagel/Unreal Projects/codetest/MyProjecttest/Content/Meshes/Characters/SM_scene_3.uasset" 63
"../../../../../../mnt/cafb6ca7-e023-440f-87de-8e3b343eb004/home_estebagel/Unreal Projects/codetest/MyProjecttest/Content/Meshes/Characters/Bangs2_baseColor.uasset" 64
"../../../../../../mnt/cafb6ca7-e023-440f-87de-8e3b343eb004/home_estebagel/Unreal Projects/codetest/MyProjecttest/Content/Meshes/Characters/Bangs2.uasset" 65
"../../../../../../mnt/cafb6ca7-e023-440f-87de-8e3b343eb004/home_estebagel/Unreal Projects/codetest/MyProjecttest/Content/Meshes/Characters/SM_scene_30.uasset" 66
"../../../../../../mnt/cafb6ca7-e023-440f-87de-8e3b343eb004/home_estebagel/Unreal Projects/codetest/MyProjecttest/Content/Meshes/Characters/Side2_baseColor.uasset" 67
"../../../../../../mnt/cafb6ca7-e023-440f-87de-8e3b343eb004/home_estebagel/Unreal Projects/codetest/MyProjecttest/Content/Meshes/Characters/Side2.uasset" 68
"../../../../../../mnt/cafb6ca7-e023-440f-87de-8e3b343eb004/home_estebagel/Unreal Projects/codetest/MyProjecttest/Content/Meshes/Characters/SM_scene_31.uasset" 69
"../../../../../../mnt/cafb6ca7-e023-440f-87de-8e3b343eb004/home_estebagel/Unreal Projects/codetest/MyProjecttest/Content/Meshes/Characters/Side1_baseColor.uasset" 70
"../../../../../../mnt/cafb6ca7-e023-440f-87de-8e3b343eb004/home_estebagel/Unreal Projects/codetest/MyProjecttest/Content/Meshes/Characters/Side1.uasset" 71
"../../../../../../mnt/cafb6ca7-e023-440f-87de-8e3b343eb004/home_estebagel/Unreal Projects/codetest/MyProjecttest/Content/Meshes/Characters/SM_scene_32.uasset" 72
"../../../../../../mnt/cafb6ca7-e023-440f-87de-8e3b343eb004/home_estebagel/Unreal Projects/codetest/MyProjecttest/Content/Meshes/Characters/Front1_baseColor.uasset" 73
"../../../../../../mnt/cafb6ca7-e023-440f-87de-8e3b343eb004/home_estebagel/Unreal Projects/codetest/MyProjecttest/Content/Meshes/Characters/Front1.uasset" 74
"../../../../../../mnt/cafb6ca7-e023-440f-87de-8e3b343eb004/home_estebagel/Unreal Projects/codetest/MyProjecttest/Content/Meshes/Characters/SM_scene_33.uasset" 75
"../../../../../../mnt/cafb6ca7-e023-440f-87de-8e3b343eb004/home_estebagel/Unreal Projects/codetest/MyProjecttest/Content/Meshes/Characters/Bangs1_baseColor.uasset" 76
"../../../../../../mnt/cafb6ca7-e023-440f-87de-8e3b343eb004/home_estebagel/Unreal Projects/codetest/MyProjecttest/Content/Meshes/Characters/Bangs1.uasset" 77
"../../../../../../mnt/cafb6ca7-e023-440f-87de-8e3b343eb004/home_estebagel/Unreal Projects/codetest/MyProjecttest/Content/Meshes/Characters/SM_scene_34.uasset" 78
"../../../../../../mnt/cafb6ca7-e023-440f-87de-8e3b343eb004/home_estebagel/Unreal Projects/codetest/MyProjecttest/Content/Meshes/Characters/Front2_baseColor.uasset" 79
"../../../../../../mnt/cafb6ca7-e023-440f-87de-8e3b343eb004/home_estebagel/Unreal Projects/codetest/MyProjecttest/Content/Meshes/Characters/Front2.uasset" 80
"../../../../../../mnt/cafb6ca7-e023-440f-87de-8e3b343eb004/home_estebagel/Unreal Projects/codetest/MyProjecttest/Content/Meshes/Characters/SM_scene_35.uasset" 81
"../../../../../../mnt/cafb6ca7-e023-440f-87de-8e3b343eb004/home_estebagel/Unreal Projects/codetest/MyProjecttest/Content/Meshes/Characters/Bands_baseColor.uasset" 82
"../../../../../../mnt/cafb6ca7-e023-440f-87de-8e3b343eb004/home_estebagel/Unreal Projects/codetest/MyProjecttest/Content/Meshes/Characters/Bands.uasset" 83
"../../../../../../mnt/cafb6ca7-e023-440f-87de-8e3b343eb004/home_estebagel/Unreal Projects/codetest/MyProjecttest/Content/Meshes/Characters/SM_scene_36.uasset" 84
"../../../../../../mnt/cafb6ca7-e023-440f-87de-8e3b343eb004/home_estebagel/Unreal Projects/codetest/MyProjecttest/Content/Meshes/Characters/material_baseColor.uasset" 85
"../../../../../../mnt/cafb6ca7-e023-440f-87de-8e3b343eb004/home_estebagel/Unreal Projects/codetest/MyProjecttest/Content/Meshes/Characters/material.uasset" 86
"../../../../../../mnt/cafb6ca7-e023-440f-87de-8e3b343eb004/home_estebagel/Unreal Projects/codetest/MyProjecttest/Content/Meshes/Characters/SM_scene_37.uasset" 87
"../../../../../../mnt/cafb6ca7-e023-440f-87de-8e3b343eb004/home_estebagel/Unreal Projects/codetest/MyProjecttest/Content/Meshes/Characters/Back_baseColor.uasset" 88
"../../../../../../mnt/cafb6ca7-e023-440f-87de-8e3b343eb004/home_estebagel/Unreal Projects/codetest/MyProjecttest/Content/Meshes/Characters/Back.uasset" 89
"../../../../../../mnt/cafb6ca7-e023-440f-87de-8e3b343eb004/home_estebagel/Unreal Projects/codetest/MyProjecttest/Content/Meshes/Characters/SM_scene_38.uasset" 90
"../../../../../../mnt/cafb6ca7-e023-440f-87de-8e3b343eb004/home_estebagel/Unreal Projects/codetest/MyProjecttest/Content/Meshes/Characters/BackUnder_baseColor.uasset" 91
"../../../../../../mnt/cafb6ca7-e023-440f-87de-8e3b343eb004/home_estebagel/Unreal Projects/codetest/MyProjecttest/Content/Meshes/Characters/BackUnder.uasset" 92
"../../../../../../mnt/cafb6ca7-e023-440f-87de-8e3b343eb004/home_estebagel/Unreal Projects/codetest/MyProjecttest/Content/Meshes/Characters/SM_scene_39.uasset" 93
"../../../../../../mnt/cafb6ca7-e023-440f-87de-8e3b343eb004/home_estebagel/Unreal Projects/codetest/MyProjecttest/Content/Meshes/Characters/Cornea_baseColor.uasset" 94
"../../../../../../mnt/cafb6ca7-e023-440f-87de-8e3b343eb004/home_estebagel/Unreal Projects/codetest/MyProjecttest/Content/Meshes/Characters/Cornea.uasset" 95
"../../../../../../mnt/cafb6ca7-e023-440f-87de-8e3b343eb004/home_estebagel/Unreal Projects/codetest/MyProjecttest/Content/Meshes/Characters/SM_scene_4.uasset" 96
"../../../../../../mnt/cafb6ca7-e023-440f-87de-8e3b343eb004/home_estebagel/Unreal Projects/codetest/MyProjecttest/Content/Meshes/Characters/Panty_baseColor.uasset" 97
"../../../../../../mnt/cafb6ca7-e023-440f-87de-8e3b343eb004/home_estebagel/Unreal Projects/codetest/MyProjecttest/Content/Meshes/Characters/Panty.uasset" 98
"../../../../../../mnt/cafb6ca7-e023-440f-87de-8e3b343eb004/home_estebagel/Unreal Projects/codetest/MyProjecttest/Content/Meshes/Characters/SM_scene_40.uasset" 99
"../../../../../../mnt/cafb6ca7-e023-440f-87de-8e3b343eb004/home_estebagel/Unreal Projects/codetest/MyProjecttest/Content/Meshes/Characters/Pupils_baseColor.uasset" 100
"../../../../../../mnt/cafb6ca7-e023-440f-87de-8e3b343eb004/home_estebagel/Unreal Projects/codetest/MyProjecttest/Content/Meshes/Characters/Pupils.uasset" 101
"../../../../../../mnt/cafb6ca7-e023-440f-87de-8e3b343eb004/home_estebagel/Unreal Projects/codetest/MyProjecttest/Content/Meshes/Characters/SM_scene_5.uasset" 102
"../../../../../../mnt/cafb6ca7-e023-440f-87de-8e3b343eb004/home_estebagel/Unreal Projects/codetest/MyProjecttest/Content/Meshes/Characters/Lips_baseColor.uasset" 103
"../../../../../../mnt/cafb6ca7-e023-440f-87de-8e3b343eb004/home_estebagel/Unreal Projects/codetest/MyProjecttest/Content/Meshes/Characters/Lips.uasset" 104
"../../../../../../mnt/cafb6ca7-e023-440f-87de-8e3b343eb004/home_estebagel/Unreal Projects/codetest/MyProjecttest/Content/Meshes/Characters/SM_scene_7.uasset" 105
"../../../../../../mnt/cafb6ca7-e023-440f-87de-8e3b343eb004/home_estebagel/Unreal Projects/codetest/MyProjecttest/Content/Meshes/Characters/Teeth.uasset" 106
"../../../../../../mnt/cafb6ca7-e023-440f-87de-8e3b343eb004/home_estebagel/Unreal Projects/codetest/MyProjecttest/Content/Meshes/Characters/SM_scene_8.uasset" 107
"../../../../../../mnt/cafb6ca7-e023-440f-87de-8e3b343eb004/home_estebagel/Unreal Projects/codetest/MyProjecttest/Content/Meshes/Characters/Sclera_baseColor.uasset" 108
"../../../../../../mnt/cafb6ca7-e023-440f-87de-8e3b343eb004/home_estebagel/Unreal Projects/codetest/MyProjecttest/Content/Meshes/Characters/Sclera.uasset" 109
"../../../../../../mnt/cafb6ca7-e023-440f-87de-8e3b343eb004/home_estebagel/Unreal Projects/codetest/MyProjecttest/Content/Meshes/Characters/SM_scene_9.uasset" 110
"../../../../../../mnt/cafb6ca7-e023-440f-87de-8e3b343eb004/home_estebagel/Unreal Projects/codetest/MyProjecttest/Content/Meshes/Characters/SM_scene_0.uasset" 111
"../../../../../../mnt/cafb6ca7-e023-440f-87de-8e3b343eb004/home_estebagel/Unreal Projects/codetest/MyProjecttest/Content/Meshes/Characters/Breana.uasset" 112
"../../../../../../mnt/cafb6ca7-e023-440f-87de-8e3b343eb004/home_estebagel/Unreal Projects/codetest/MyProjecttest/Content/Meshes/breana/breanaBoneMapping.uasset" 113
"../../../Engine/Content/EngineMeshes/Humanoid.uasset" 114
"../../../../../../mnt/cafb6ca7-e023-440f-87de-8e3b343eb004/home_estebagel/Unreal Projects/codetest/MyProjecttest/Content/Mannequin/Character/Mesh/UE4_Mannequin_Skeleton.uasset" 115
"../../../../../../mnt/cafb6ca7-e023-440f-87de-8e3b343eb004/home_estebagel/Unreal Projects/codetest/MyProjecttest/Content/Mannequin/Animations/PoseAremasted.uasset" 116
"../../../../../../mnt/cafb6ca7-e023-440f-87de-8e3b343eb004/home_estebagel/Unreal Projects/codetest/MyProjecttest/Content/Mannequin/Animations/ThirdPersonJump_End.uasset" 117
"../../../../../../mnt/cafb6ca7-e023-440f-87de-8e3b343eb004/home_estebagel/Unreal Projects/codetest/MyProjecttest/Content/Mannequin/Animations/ThirdPerson_Jump.uasset" 118
"../../../../../../mnt/cafb6ca7-e023-440f-87de-8e3b343eb004/home_estebagel/Unreal Projects/codetest/MyProjecttest/Content/Mannequin/Animations/ThirdPersonJump_Loop.uasset" 119
"../../../../../../mnt/cafb6ca7-e023-440f-87de-8e3b343eb004/home_estebagel/Unreal Projects/codetest/MyProjecttest/Content/Mannequin/Animations/ThirdPersonJump_Start.uasset" 120
"../../../../../../mnt/cafb6ca7-e023-440f-87de-8e3b343eb004/home_estebagel/Unreal Projects/codetest/MyProjecttest/Content/Mannequin/Animations/ThirdPersonIdle.uasset" 121
"../../../../../../mnt/cafb6ca7-e023-440f-87de-8e3b343eb004/home_estebagel/Unreal Projects/codetest/MyProjecttest/Content/Mannequin/Animations/ThirdPersonRun.uasset" 122
"../../../../../../mnt/cafb6ca7-e023-440f-87de-8e3b343eb004/home_estebagel/Unreal Projects/codetest/MyProjecttest/Content/Mannequin/Animations/ThirdPersonWalk.uasset" 123
"../../../../../../mnt/cafb6ca7-e023-440f-87de-8e3b343eb004/home_estebagel/Unreal Projects/codetest/MyProjecttest/Content/Mannequin/Animations/ThirdPerson_IdleRun_2D.uasset" 124
"../../../Engine/Content/EditorBlueprintResources/StandardMacros.uasset" 125
"../../../../../../mnt/cafb6ca7-e023-440f-87de-8e3b343eb004/home_estebagel/Unreal Projects/codetest/MyProjecttest/Content/Mannequin/Animations/ThirdPerson_AnimBP.uasset" 126
"../../../Engine/Content/Functions/Engine_MaterialFunctions02/Utility/BlendAngleCorrectedNormals.uasset" 127
"../../../Engine/Content/Functions/MaterialLayerFunctions/MatLayerBlend_NormalBlend.uasset" 128
"../../../Engine/Content/Functions/MaterialLayerFunctions/MatLayerBlend_Simple.uasset" 129
"../../../../../../mnt/cafb6ca7-e023-440f-87de-8e3b343eb004/home_estebagel/Unreal Projects/codetest/MyProjecttest/Content/Mannequin/Character/Materials/MaterialLayers/T_ML_Rubber_Blue_01_D.uasset" 130
"../../../../../../mnt/cafb6ca7-e023-440f-87de-8e3b343eb004/home_estebagel/Unreal Projects/codetest/MyProjecttest/Content/Mannequin/Character/Materials/MaterialLayers/T_ML_Rubber_Blue_01_N.uasset" 131
"../../../../../../mnt/cafb6ca7-e023-440f-87de-8e3b343eb004/home_estebagel/Unreal Projects/codetest/MyProjecttest/Content/Mannequin/Character/Materials/MaterialLayers/ML_GlossyBlack_Latex_UE4.uasset" 132
"../../../../../../mnt/cafb6ca7-e023-440f-87de-8e3b343eb004/home_estebagel/Unreal Projects/codetest/MyProjecttest/Content/Mannequin/Character/Materials/MaterialLayers/ML_Plastic_Shiny_Beige.uasset" 133
"../../../../../../mnt/cafb6ca7-e023-440f-87de-8e3b343eb004/home_estebagel/Unreal Projects/codetest/MyProjecttest/Content/Mannequin/Character/Textures/UE4_LOGO_CARD.uasset" 134
"../../../../../../mnt/cafb6ca7-e023-440f-87de-8e3b343eb004/home_estebagel/Unreal Projects/codetest/MyProjecttest/Content/Mannequin/Character/Materials/MaterialLayers/ML_Plastic_Shiny_Beige_LOGO.uasset" 135
"../../../../../../mnt/cafb6ca7-e023-440f-87de-8e3b343eb004/home_estebagel/Unreal Projects/codetest/MyProjecttest/Content/Mannequin/Character/Materials/MaterialLayers/T_ML_Aluminum01.uasset" 136
"../../../../../../mnt/cafb6ca7-e023-440f-87de-8e3b343eb004/home_estebagel/Unreal Projects/codetest/MyProjecttest/Content/Mannequin/Character/Materials/MaterialLayers/T_ML_Aluminum01_N.uasset" 137
"../../../../../../mnt/cafb6ca7-e023-440f-87de-8e3b343eb004/home_estebagel/Unreal Projects/codetest/MyProjecttest/Content/Mannequin/Character/Materials/MaterialLayers/ML_SoftMetal_UE4.uasset" 138
"../../../../../../mnt/cafb6ca7-e023-440f-87de-8e3b343eb004/home_estebagel/Unreal Projects/codetest/MyProjecttest/Content/Mannequin/Character/Textures/UE4_Mannequin__normals.uasset" 139
"../../../../../../mnt/cafb6ca7-e023-440f-87de-8e3b343eb004/home_estebagel/Unreal Projects/codetest/MyProjecttest/Content/Mannequin/Character/Textures/UE4_Mannequin_MAT_MASKA.uasset" 140
"../../../../../../mnt/cafb6ca7-e023-440f-87de-8e3b343eb004/home_estebagel/Unreal Projects/codetest/MyProjecttest/Content/Mannequin/Character/Materials/M_UE4Man_Body.uasset" 141
"../../../../../../mnt/cafb6ca7-e023-440f-87de-8e3b343eb004/home_estebagel/Unreal Projects/codetest/MyProjecttest/Content/Mannequin/Character/Textures/UE4Man_Logo_N.uasset" 142
"../../../../../../mnt/cafb6ca7-e023-440f-87de-8e3b343eb004/home_estebagel/Unreal Projects/codetest/MyProjecttest/Content/Mannequin/Character/Materials/M_UE4Man_ChestLogo.uasset" 143
"../../../../../../mnt/cafb6ca7-e023-440f-87de-8e3b343eb004/home_estebagel/Unreal Projects/codetest/MyProjecttest/Content/Mannequin/Character/Mesh/SK_Mannequin_PhysicsAsset.uasset" 144
"../../../../../../mnt/cafb6ca7-e023-440f-87de-8e3b343eb004/home_estebagel/Unreal Projects/codetest/MyProjecttest/Content/Mannequin/Character/Mesh/SK_Mannequin.uasset" 145
"../../../../../../mnt/cafb6ca7-e023-440f-87de-8e3b343eb004/home_estebagel/Unreal Projects/codetest/MyProjecttest/Content/ThirdPersonBP/Blueprints/ThirdPersonCharacter.uasset" 146
"../../../../../../mnt/cafb6ca7-e023-440f-87de-8e3b343eb004/home_estebagel/Unreal Projects/codetest/MyProjecttest/Content/ThirdPersonBP/Blueprints/ThirdPersonGameMode.uasset" 147
"../../../Engine/Content/Functions/Engine_MaterialFunctions01/Shading/PowerToRoughness.uasset" 148
"../../../Engine/Content/Functions/Engine_MaterialFunctions01/Shading/ConvertFromDiffSpec.uasset" 149
"../../../Engine/Content/EngineSounds/Master.uasset" 150
"../../../Engine/Content/EngineMaterials/DefaultWhiteGrid.uasset" 151
"../../../Engine/Content/EngineResources/WhiteSquareTexture.uasset" 152
"../../../Engine/Content/EngineMaterials/Widget3DPassThrough.uasset" 153
"../../../Engine/Content/EngineMaterials/Widget3DPassThrough_Opaque.uasset" 154
"../../../Engine/Content/EngineMaterials/Widget3DPassThrough_Masked_OneSided.uasset" 155
"../../../Engine/Content/EngineMaterials/DefaultDiffuse.uasset" 156
"../../../Engine/Content/EngineMaterials/DefaultDeferredDecalMaterial.uasset" 157
"../../../Engine/Content/EngineMaterials/DefaultLightFunctionMaterial.uasset" 158
"../../../Engine/Content/EngineMaterials/PreintegratedSkinBRDF.uasset" 159
"../../../Engine/Content/EngineMaterials/InvalidLightmapSettings.uasset" 160
"../../../Engine/Content/EngineMaterials/M_InvalidLightmapSettings.uasset" 161
"../../../Engine/Content/EngineMaterials/DefaultBokeh.uasset" 162
"../../../Engine/Content/EngineMaterials/DefaultBloomKernel.uasset" 163
"../../../Engine/Content/Functions/Engine_MaterialFunctions02/WorldPositionOffset/CameraOffset.uasset" 164
"../../../Engine/Content/EngineMaterials/PhAT_JointLimitMaterial.uasset" 165
"../../../Engine/Content/EngineMaterials/BaseFlattenDiffuseMap.uasset" 166
"../../../Engine/Content/EngineMaterials/BaseFlattenEmissiveMap.uasset" 167
"../../../Engine/Content/EngineMaterials/BaseFlattenGrayscaleMap.uasset" 168
"../../../Engine/Content/EngineMaterials/BaseFlattenNormalMap.uasset" 169
"../../../Engine/Content/EngineMaterials/BaseFlattenMaterial.uasset" 170
"../../../Engine/Content/EngineMaterials/DefaultPhysicalMaterial.uasset" 171
"../../../Engine/Content/EngineMaterials/RemoveSurfaceMaterial.uasset" 172
"../../../Engine/Content/EngineMaterials/Widget3DPassThrough_Translucent.uasset" 173
"../../../Engine/Content/EngineMaterials/Widget3DPassThrough_Translucent_OneSided.uasset" 174
"../../../Engine/Content/EngineMaterials/Good64x64TilingNoiseHighFreq.uasset" 175
"../../../Engine/Content/EngineMaterials/Widget3DPassThrough_Opaque_OneSided.uasset" 176
"../../../Engine/Content/EngineMaterials/Widget3DPassThrough_Masked.uasset" 177
"../../../Engine/Content/Functions/Engine_MaterialFunctions02/Utility/BreakOutFloat2Components.uasset" 178
"../../../Engine/Content/EngineMaterials/DefaultPostProcessMaterial.uasset" 179
"../../../Engine/Content/EngineFonts/RobotoDistanceField.uasset" 180
"../../../Engine/Content/EngineMaterials/DefaultTextMaterialOpaque.uasset" 181
"../../../Engine/Content/EngineMaterials/EditorBrushMaterial.uasset" 182
"../../../Engine/Content/EngineMaterials/MiniFont.uasset" 183
"../../../Engine/Content/EngineMaterials/WeightMapPlaceholderTexture.uasset" 184
"../../../Engine/Content/EditorMaterials/Camera/CineMat.uasset" 185
"../../../Engine/Content/EditorMaterials/Camera/MI_CineMat_Rig.uasset" 186
"../../../Engine/Content/EditorMeshes/Camera/SM_CraneRig_Base.uasset" 187
"../../../Engine/Content/EditorMeshes/Camera/SM_RailRig_Track.uasset" 188
"../../../Engine/Content/EditorMeshes/Camera/SM_CraneRig_Mount.uasset" 189
"../../../Engine/Content/EditorMeshes/Camera/SM_CraneRig_Arm.uasset" 190
"../../../Engine/Content/EditorMeshes/Camera/SM_CraneRig_Body.uasset" 191
"../../../Engine/Content/EditorMeshes/Camera/SM_RailRig_Mount.uasset" 192
"../../../Engine/Content/Tutorial/ContentIntroCurve.uasset" 193
"../../../Engine/Content/Tutorial/Mobile/TutorialAssets/android_Icon.uasset" 194
"../../../Engine/Content/Tutorial/Basics/TutorialAssets/icon_tab_Levels_40x.uasset" 195
"../../../Engine/Content/EngineFonts/Faces/RobotoBold.uasset" 196
"../../../Engine/Content/EngineFonts/Faces/RobotoBoldItalic.uasset" 197
"../../../Engine/Content/EngineFonts/Faces/RobotoItalic.uasset" 198
"../../../Engine/Content/EngineFonts/Faces/RobotoLight.uasset" 199
"../../../Engine/Content/EngineFonts/Faces/RobotoRegular.uasset" 200
"../../../Engine/Content/EngineFonts/Roboto.uasset" 201
"../../../Engine/Content/EngineFonts/Faces/RobotoTiny.uasset" 202
"../../../Engine/Content/EngineFonts/RobotoTiny.uasset" 203
"../../../Engine/Content/EditorResources/S_Trigger.uasset" 204
"../../../Engine/Content/EditorResources/BSPVertex.uasset" 205
"../../../Engine/Content/EditorResources/EmptyActor.uasset" 206
"../../../Engine/Content/EditorResources/S_Actor.uasset" 207
"../../../Engine/Content/EditorResources/LightIcons/S_LightError.uasset" 208
"../../../Engine/Content/EngineResources/Black.uasset" 209
"../../../Engine/Content/EngineResources/DefaultTextureCube.uasset" 210
"../../../Engine/Content/EngineResources/GradientTexture0.uasset" 211
"../../../Engine/Content/EngineResources/DefaultVolumeTexture2D.uasset" 212
"../../../Engine/Content/EngineResources/DefaultVolumeTexture.uasset" 213
"../../../Engine/Content/EngineResources/DefaultTexture.uasset" 214
"../../../Engine/Content/EngineDamageTypes/DmgTypeBP_Environmental.uasset" 215
"../../../Engine/Content/Maps/Templates/Thumbnails/VR-Basic.uasset" 216
"../../../Engine/Content/Maps/Templates/Thumbnails/Default.uasset" 217
"../../../Engine/Content/Functions/Engine_MaterialFunctions01/Opacity/CameraDepthFade.uasset" 218
"../../../Engine/Content/EngineMaterials/T_Default_Material_Grid_M.uasset" 219
"../../../Engine/Content/EngineMaterials/T_Default_Material_Grid_N.uasset" 220
"../../../Engine/Content/EngineMaterials/DefaultMaterial.uasset" 221
"../../../Engine/Content/BasicShapes/Sphere.uasset" 222
"../../../Engine/Content/BasicShapes/Cone.uasset" 223
"../../../Engine/Content/EngineMaterials/WorldGridMaterial.uasset" 224
"../../../Engine/Content/BasicShapes/Cube.uasset" 225
"../../../Engine/Content/BasicShapes/Cylinder.uasset" 226
"../../../Engine/Content/VREditor/LaserPointer/VR_LaserPower_01.uasset" 227
"../../../Engine/Content/VREditor/TransformGizmo/TransformGizmoMaterial.uasset" 228
"../../../Engine/Content/VREditor/TransformGizmo/TranslucentTransformGizmoMaterial.uasset" 229
"../../../Engine/Content/VREditor/TransformGizmo/PlaneTranslationHandle.uasset" 230
"../../../Engine/Content/VREditor/TransformGizmo/BoundingBoxEdge.uasset" 231
"../../../Engine/Content/VREditor/TransformGizmo/BoundingBoxCorner.uasset" 232
"../../../Engine/Content/VREditor/TransformGizmo/Main.uasset" 233
"../../../Engine/Content/VREditor/TransformGizmo/Xray.uasset" 234
"../../../Engine/Content/VREditor/TransformGizmo/SM_Sequencer_Node.uasset" 235
"../../../Engine/Content/VREditor/TransformGizmo/SM_Sequencer_Key.uasset" 236
"../../../Engine/Content/EditorSounds/Notifications/CompileSuccess.uasset" 237
"../../../Engine/Content/EditorSounds/Notifications/CompileSuccess_Cue.uasset" 238
"../../../Engine/Content/EditorSounds/Notifications/CompileStart_Cue.uasset" 239
"../../../Engine/Content/EditorSounds/Notifications/CompileFailed.uasset" 240
"../../../Engine/Content/EditorSounds/Notifications/CompileFailed_Cue.uasset" 241
"../../../Engine/Content/MobileResources/T_MobileMenu2.uasset" 242
"../../../Engine/Content/MobileResources/T_MobileControls_texture.uasset" 243
"../../../Engine/Content/MobileResources/HUD/MobileHUDButtonX.uasset" 244
"../../../Engine/Content/MobileResources/HUD/MobileHUDButton1_on.uasset" 245
"../../../Engine/Content/MobileResources/HUD/MobileHUDButtonA.uasset" 246
"../../../Engine/Content/MobileResources/HUD/MobileHUDButton1_off.uasset" 247
"../../../Engine/Content/MobileResources/HUD/VirtualJoystick_Background.uasset" 248
"../../../Engine/Content/MobileResources/HUD/VirtualJoystick_Thumb.uasset" 249
"../../../Engine/Content/MobileResources/HUD/LeftVirtualJoystickOnly.uasset" 250
"../../../Engine/Content/MobileResources/HUD/MobileHUDButtonSprint.uasset" 251
"../../../Engine/Content/MobileResources/HUD/T_Castle_ThumbstickOutter.uasset" 252
"../../../Engine/Content/MobileResources/HUD/DefaultVirtualJoysticks.uasset" 253
"../../../Engine/Content/MobileResources/HUD/MobileHUDButton2_off.uasset" 254
"../../../Engine/Content/MobileResources/HUD/MobileHUDDirectionPad.uasset" 255
"../../../Engine/Content/MobileResources/HUD/MobileHUDButtonFire.uasset" 256
"../../../Engine/Content/MobileResources/HUD/MobileHUDButton2_on.uasset" 257
"../../../Engine/Content/MobileResources/HUD/MobileHUDDirectionPad3.uasset" 258
"../../../Engine/Content/MobileResources/HUD/AnalogHat.uasset" 259
"../../../Engine/Content/MobileResources/HUD/MobileHUDDirectionPad2.uasset" 260
"../../../Engine/Content/MobileResources/HUD/T_Castle_ThumbstickInner.uasset" 261
"../../../Engine/Content/MobileResources/HUD/MobileHUDButton3.uasset" 262
"../../../Engine/Content/MobileResources/HUD/MobileHUDDirectionStick.uasset" 263
"../../../Engine/Content/EngineDebugMaterials/M_SimpleTranslucent.uasset" 264
"../../../Engine/Content/EngineDebugMaterials/GeomMaterial.uasset" 265
"../../../Engine/Content/EngineDebugMaterials/HeatmapGradient.uasset" 266
"../../../Engine/Content/EngineDebugMaterials/BoneWeightMaterial.uasset" 267
"../../../Engine/Content/EngineDebugMaterials/DebugEditorMaterial.uasset" 268
"../../../Engine/Content/EngineDebugMaterials/ClothMaterial_WF.uasset" 269
"../../../Engine/Content/EngineDebugMaterials/DebugMeshMaterial.uasset" 270
"../../../Engine/Content/EngineDebugMaterials/ClothMaterial.uasset" 271
"../../../Engine/Content/EditorLandscapeResources/DataLayer.uasset" 272
"../../../Engine/Content/ArtTools/RenderToTexture/Meshes/S_1_Unit_Plane.uasset" 273
"../../../Engine/Content/EditorMaterials/MAT_Groups_Visibility.uasset" 274
"../../../Engine/Content/EditorMaterials/GizmoMaterial.uasset" 275
"../../../Engine/Content/EditorMaterials/MAT_Groups_Toggle.uasset" 276
"../../../Engine/Content/EditorMaterials/PreviewShadowIndicator.uasset" 277
"../../../Engine/Content/EditorMaterials/PreviewShadowIndicatorMaterial.uasset" 278
"../../../Engine/Content/EditorMaterials/ParticleSystems/PSysThumbnail_OOD.uasset" 279
"../../../Engine/Content/EditorMaterials/ParticleSystems/PSysThumbnail_NoImage.uasset" 280
"../../../Engine/Content/EditorMaterials/MatineeGroups/MAT_Groups_Director.uasset" 281
"../../../Engine/Content/EditorMaterials/MatineeGroups/MAT_Groups_Event.uasset" 282
"../../../Engine/Content/EditorMaterials/MatineeGroups/MAT_Groups_Anim.uasset" 283
"../../../Engine/Content/EditorMaterials/MatineeGroups/MAT_Groups_Float.uasset" 284
"../../../Engine/Content/EditorMaterials/MatineeGroups/MAT_Groups_Slomo.uasset" 285
"../../../Engine/Content/EditorMaterials/MatineeGroups/MAT_Groups_Fade.uasset" 286
"../../../Engine/Content/EditorMaterials/MatineeGroups/MAT_Groups_Vector.uasset" 287
"../../../Engine/Content/EditorMaterials/MatineeGroups/MAT_ColorTrack.uasset" 288
"../../../Engine/Content/EditorMaterials/MatineeGroups/MAT_Groups_Move.uasset" 289
"../../../Engine/Content/EditorMaterials/MatineeGroups/MAT_Groups_Sound.uasset" 290
"../../../Engine/Content/EditorMaterials/MatineeGroups/MAT_Groups_AudioMaster.uasset" 291
"../../../Engine/Content/EngineMeshes/Sphere.uasset" 292
"../../../Engine/Content/EngineMeshes/Cylinder.uasset" 293
"../../Plugins/2D/Paper2D/Content/DefaultSpriteMaterial.uasset" 294
"../../Plugins/2D/Paper2D/Content/MaskedUnlitSpriteMaterial.uasset" 295
"../../Plugins/2D/Paper2D/Content/PlaceholderTextures/DummySpriteTexture.uasset" 296
"../../Plugins/2D/Paper2D/Content/DummySprite.uasset" 297
"../../Plugins/2D/Paper2D/Content/DefaultPaperTerrainMaterial.uasset" 298
"../../Plugins/2D/Paper2D/Content/OpaqueUnlitSpriteMaterial.uasset" 299
"../../../../../../mnt/cafb6ca7-e023-440f-87de-8e3b343eb004/home_estebagel/Unreal Projects/codetest/MyProjecttest/Content/Meshes/breana/Brianna_Skeleton.uasset" 300
"../../../../../../mnt/cafb6ca7-e023-440f-87de-8e3b343eb004/home_estebagel/Unreal Projects/codetest/MyProjecttest/Content/Mannequin/AnimationsBR/marichuThirdPerson_Jump.uasset" 301
"../../../../../../mnt/cafb6ca7-e023-440f-87de-8e3b343eb004/home_estebagel/Unreal Projects/codetest/MyProjecttest/Content/Mannequin/AnimationsBR/marichuThirdPersonJump_Loop.uasset" 302
"../../../../../../mnt/cafb6ca7-e023-440f-87de-8e3b343eb004/home_estebagel/Unreal Projects/codetest/MyProjecttest/Content/Mannequin/AnimationsBR/marichuThirdPersonJump_Start.uasset" 303
"../../../../../../mnt/cafb6ca7-e023-440f-87de-8e3b343eb004/home_estebagel/Unreal Projects/codetest/MyProjecttest/Content/Mannequin/AnimationsBR/marichuThirdPersonIdle.uasset" 304
"../../../../../../mnt/cafb6ca7-e023-440f-87de-8e3b343eb004/home_estebagel/Unreal Projects/codetest/MyProjecttest/Content/Mannequin/AnimationsBR/marichuThirdPersonRun.uasset" 305
"../../../../../../mnt/cafb6ca7-e023-440f-87de-8e3b343eb004/home_estebagel/Unreal Projects/codetest/MyProjecttest/Content/Mannequin/AnimationsBR/marichuThirdPersonWalk.uasset" 306
"../../../../../../mnt/cafb6ca7-e023-440f-87de-8e3b343eb004/home_estebagel/Unreal Projects/codetest/MyProjecttest/Content/Mannequin/AnimationsBR/marichuThirdPerson_IdleRun_2D.uasset" 307
"../../../../../../mnt/cafb6ca7-e023-440f-87de-8e3b343eb004/home_estebagel/Unreal Projects/codetest/MyProjecttest/Content/Mannequin/AnimationsBR/marichuThirdPerson_AnimBP.uasset" 308
"../../../../../../mnt/cafb6ca7-e023-440f-87de-8e3b343eb004/home_estebagel/Unreal Projects/codetest/MyProjecttest/Content/Meshes/breana/FWSAZettaArms_1004.uasset" 309
"../../../../../../mnt/cafb6ca7-e023-440f-87de-8e3b343eb004/home_estebagel/Unreal Projects/codetest/MyProjecttest/Content/Meshes/breana/Arms.uasset" 310
"../../../../../../mnt/cafb6ca7-e023-440f-87de-8e3b343eb004/home_estebagel/Unreal Projects/codetest/MyProjecttest/Content/Meshes/breana/07OOTRochelleHair.uasset" 311
"../../../../../../mnt/cafb6ca7-e023-440f-87de-8e3b343eb004/home_estebagel/Unreal Projects/codetest/MyProjecttest/Content/Meshes/breana/OOTRochelleHairT.uasset" 312
"../../../../../../mnt/cafb6ca7-e023-440f-87de-8e3b343eb004/home_estebagel/Unreal Projects/codetest/MyProjecttest/Content/Meshes/breana/Back.uasset" 313
"../../../../../../mnt/cafb6ca7-e023-440f-87de-8e3b343eb004/home_estebagel/Unreal Projects/codetest/MyProjecttest/Content/Meshes/breana/BackUnder.uasset" 314
"../../../../../../mnt/cafb6ca7-e023-440f-87de-8e3b343eb004/home_estebagel/Unreal Projects/codetest/MyProjecttest/Content/Meshes/breana/OOTHairbandD.uasset" 315
"../../../../../../mnt/cafb6ca7-e023-440f-87de-8e3b343eb004/home_estebagel/Unreal Projects/codetest/MyProjecttest/Content/Meshes/breana/Bands.uasset" 316
"../../../../../../mnt/cafb6ca7-e023-440f-87de-8e3b343eb004/home_estebagel/Unreal Projects/codetest/MyProjecttest/Content/Meshes/breana/Bangs1.uasset" 317
"../../../../../../mnt/cafb6ca7-e023-440f-87de-8e3b343eb004/home_estebagel/Unreal Projects/codetest/MyProjecttest/Content/Meshes/breana/Bangs2.uasset" 318
"../../../../../../mnt/cafb6ca7-e023-440f-87de-8e3b343eb004/home_estebagel/Unreal Projects/codetest/MyProjecttest/Content/Meshes/breana/Boot.uasset" 319
"../../../../../../mnt/cafb6ca7-e023-440f-87de-8e3b343eb004/home_estebagel/Unreal Projects/codetest/MyProjecttest/Content/Meshes/breana/Boot_ncl1_1.uasset" 320
"../../../../../../mnt/cafb6ca7-e023-440f-87de-8e3b343eb004/home_estebagel/Unreal Projects/codetest/MyProjecttest/Content/Meshes/breana/07OOTRochelleHairCap.uasset" 321
"../../../../../../mnt/cafb6ca7-e023-440f-87de-8e3b343eb004/home_estebagel/Unreal Projects/codetest/MyProjecttest/Content/Meshes/breana/OOTRochelleCapT.uasset" 322
"../../../../../../mnt/cafb6ca7-e023-440f-87de-8e3b343eb004/home_estebagel/Unreal Projects/codetest/MyProjecttest/Content/Meshes/breana/Cap.uasset" 323
"../../../../../../mnt/cafb6ca7-e023-440f-87de-8e3b343eb004/home_estebagel/Unreal Projects/codetest/MyProjecttest/Content/Meshes/breana/FWSAZettaEyes04_1007.uasset" 324
"../../../../../../mnt/cafb6ca7-e023-440f-87de-8e3b343eb004/home_estebagel/Unreal Projects/codetest/MyProjecttest/Content/Meshes/breana/FWSAZettaEyesTR_1007.uasset" 325
"../../../../../../mnt/cafb6ca7-e023-440f-87de-8e3b343eb004/home_estebagel/Unreal Projects/codetest/MyProjecttest/Content/Meshes/breana/Cornea.uasset" 326
"../../../../../../mnt/cafb6ca7-e023-440f-87de-8e3b343eb004/home_estebagel/Unreal Projects/codetest/MyProjecttest/Content/Meshes/breana/i13Fab_Argyle_H.uasset" 327
"../../../../../../mnt/cafb6ca7-e023-440f-87de-8e3b343eb004/home_estebagel/Unreal Projects/codetest/MyProjecttest/Content/Meshes/breana/dress.uasset" 328
"../../../../../../mnt/cafb6ca7-e023-440f-87de-8e3b343eb004/home_estebagel/Unreal Projects/codetest/MyProjecttest/Content/Meshes/breana/FWSAZettaFaceMU01_1001.uasset" 329
"../../../../../../mnt/cafb6ca7-e023-440f-87de-8e3b343eb004/home_estebagel/Unreal Projects/codetest/MyProjecttest/Content/Meshes/breana/Ears.uasset" 330
"../../../../../../mnt/cafb6ca7-e023-440f-87de-8e3b343eb004/home_estebagel/Unreal Projects/codetest/MyProjecttest/Content/Meshes/breana/FWSAZettaLashes_1006.uasset" 331
"../../../../../../mnt/cafb6ca7-e023-440f-87de-8e3b343eb004/home_estebagel/Unreal Projects/codetest/MyProjecttest/Content/Meshes/breana/Eyelashes.uasset" 332
"../../../../../../mnt/cafb6ca7-e023-440f-87de-8e3b343eb004/home_estebagel/Unreal Projects/codetest/MyProjecttest/Content/Meshes/breana/EyeMoisture.uasset" 333
"../../../../../../mnt/cafb6ca7-e023-440f-87de-8e3b343eb004/home_estebagel/Unreal Projects/codetest/MyProjecttest/Content/Meshes/breana/EyeSocket.uasset" 334
"../../../../../../mnt/cafb6ca7-e023-440f-87de-8e3b343eb004/home_estebagel/Unreal Projects/codetest/MyProjecttest/Content/Meshes/breana/FWSAZettaFaceMU10_1001.uasset" 335
"../../../../../../mnt/cafb6ca7-e023-440f-87de-8e3b343eb004/home_estebagel/Unreal Projects/codetest/MyProjecttest/Content/Meshes/breana/Face.uasset" 336
"../../../../../../mnt/cafb6ca7-e023-440f-87de-8e3b343eb004/home_estebagel/Unreal Projects/codetest/MyProjecttest/Content/Meshes/breana/Fingernails.uasset" 337
"../../../../../../mnt/cafb6ca7-e023-440f-87de-8e3b343eb004/home_estebagel/Unreal Projects/codetest/MyProjecttest/Content/Meshes/breana/Front1.uasset" 338
"../../../../../../mnt/cafb6ca7-e023-440f-87de-8e3b343eb004/home_estebagel/Unreal Projects/codetest/MyProjecttest/Content/Meshes/breana/Front2.uasset" 339
"../../../../../../mnt/cafb6ca7-e023-440f-87de-8e3b343eb004/home_estebagel/Unreal Projects/codetest/MyProjecttest/Content/Meshes/breana/HeelTip.uasset" 340
"../../../../../../mnt/cafb6ca7-e023-440f-87de-8e3b343eb004/home_estebagel/Unreal Projects/codetest/MyProjecttest/Content/Meshes/breana/HeelTip_ncl1_1.uasset" 341
"../../../../../../mnt/cafb6ca7-e023-440f-87de-8e3b343eb004/home_estebagel/Unreal Projects/codetest/MyProjecttest/Content/Meshes/breana/Irises.uasset" 342
"../../../../../../mnt/cafb6ca7-e023-440f-87de-8e3b343eb004/home_estebagel/Unreal Projects/codetest/MyProjecttest/Content/Meshes/breana/Laces.uasset" 343
"../../../../../../mnt/cafb6ca7-e023-440f-87de-8e3b343eb004/home_estebagel/Unreal Projects/codetest/MyProjecttest/Content/Meshes/breana/Laces_ncl1_1.uasset" 344
"../../../../../../mnt/cafb6ca7-e023-440f-87de-8e3b343eb004/home_estebagel/Unreal Projects/codetest/MyProjecttest/Content/Meshes/breana/FWSAZettaLegs_1003.uasset" 345
"../../../../../../mnt/cafb6ca7-e023-440f-87de-8e3b343eb004/home_estebagel/Unreal Projects/codetest/MyProjecttest/Content/Meshes/breana/Legs.uasset" 346
"../../../../../../mnt/cafb6ca7-e023-440f-87de-8e3b343eb004/home_estebagel/Unreal Projects/codetest/MyProjecttest/Content/Meshes/breana/FWSAZettaFaceLips04_1001.uasset" 347
"../../../../../../mnt/cafb6ca7-e023-440f-87de-8e3b343eb004/home_estebagel/Unreal Projects/codetest/MyProjecttest/Content/Meshes/breana/Lips.uasset" 348
"../../../../../../mnt/cafb6ca7-e023-440f-87de-8e3b343eb004/home_estebagel/Unreal Projects/codetest/MyProjecttest/Content/Meshes/breana/FWSAZettaMouth_1005.uasset" 349
"../../../../../../mnt/cafb6ca7-e023-440f-87de-8e3b343eb004/home_estebagel/Unreal Projects/codetest/MyProjecttest/Content/Meshes/breana/Mouth.uasset" 350
"../../../../../../mnt/cafb6ca7-e023-440f-87de-8e3b343eb004/home_estebagel/Unreal Projects/codetest/MyProjecttest/Content/Meshes/breana/01_ADPanty.uasset" 351
"../../../../../../mnt/cafb6ca7-e023-440f-87de-8e3b343eb004/home_estebagel/Unreal Projects/codetest/MyProjecttest/Content/Meshes/breana/Panty.uasset" 352
"../../../../../../mnt/cafb6ca7-e023-440f-87de-8e3b343eb004/home_estebagel/Unreal Projects/codetest/MyProjecttest/Content/Meshes/breana/Pupils.uasset" 353
"../../../../../../mnt/cafb6ca7-e023-440f-87de-8e3b343eb004/home_estebagel/Unreal Projects/codetest/MyProjecttest/Content/Meshes/breana/Sclera.uasset" 354
"../../../../../../mnt/cafb6ca7-e023-440f-87de-8e3b343eb004/home_estebagel/Unreal Projects/codetest/MyProjecttest/Content/Meshes/breana/Side1.uasset" 355
"../../../../../../mnt/cafb6ca7-e023-440f-87de-8e3b343eb004/home_estebagel/Unreal Projects/codetest/MyProjecttest/Content/Meshes/breana/Side2.uasset" 356
"../../../../../../mnt/cafb6ca7-e023-440f-87de-8e3b343eb004/home_estebagel/Unreal Projects/codetest/MyProjecttest/Content/Meshes/breana/Sole.uasset" 357
"../../../../../../mnt/cafb6ca7-e023-440f-87de-8e3b343eb004/home_estebagel/Unreal Projects/codetest/MyProjecttest/Content/Meshes/breana/Sole_ncl1_1.uasset" 358
"../../../../../../mnt/cafb6ca7-e023-440f-87de-8e3b343eb004/home_estebagel/Unreal Projects/codetest/MyProjecttest/Content/Meshes/breana/SoleBottom.uasset" 359
"../../../../../../mnt/cafb6ca7-e023-440f-87de-8e3b343eb004/home_estebagel/Unreal Projects/codetest/MyProjecttest/Content/Meshes/breana/SoleBottom_ncl1_1.uasset" 360
"../../../../../../mnt/cafb6ca7-e023-440f-87de-8e3b343eb004/home_estebagel/Unreal Projects/codetest/MyProjecttest/Content/Meshes/breana/HotPepperBoot_SoleT1.uasset" 361
"../../../../../../mnt/cafb6ca7-e023-440f-87de-8e3b343eb004/home_estebagel/Unreal Projects/codetest/MyProjecttest/Content/Meshes/breana/SoleInner.uasset" 362
"../../../../../../mnt/cafb6ca7-e023-440f-87de-8e3b343eb004/home_estebagel/Unreal Projects/codetest/MyProjecttest/Content/Meshes/breana/SoleInner_ncl1_1.uasset" 363
"../../../../../../mnt/cafb6ca7-e023-440f-87de-8e3b343eb004/home_estebagel/Unreal Projects/codetest/MyProjecttest/Content/Meshes/breana/Teeth.uasset" 364
"../../../../../../mnt/cafb6ca7-e023-440f-87de-8e3b343eb004/home_estebagel/Unreal Projects/codetest/MyProjecttest/Content/Meshes/breana/Toenails.uasset" 365
"../../../../../../mnt/cafb6ca7-e023-440f-87de-8e3b343eb004/home_estebagel/Unreal Projects/codetest/MyProjecttest/Content/Meshes/breana/FWSAZettaTorso_1002.uasset" 366
"../../../../../../mnt/cafb6ca7-e023-440f-87de-8e3b343eb004/home_estebagel/Unreal Projects/codetest/MyProjecttest/Content/Meshes/breana/Torso.uasset" 367
"../../../../../../mnt/cafb6ca7-e023-440f-87de-8e3b343eb004/home_estebagel/Unreal Projects/codetest/MyProjecttest/Content/Meshes/breana/Brianna_PhysicsAsset.uasset" 368
"../../../../../../mnt/cafb6ca7-e023-440f-87de-8e3b343eb004/home_estebagel/Unreal Projects/codetest/MyProjecttest/Content/Meshes/breana/Brianna.uasset" 369
"../../../../../../mnt/cafb6ca7-e023-440f-87de-8e3b343eb004/home_estebagel/Unreal Projects/codetest/MyProjecttest/Content/ThirdPersonBP/Blueprints/MarichuTPCharacter_Child.uasset" 370
"../../../Engine/Content/EngineSky/C_Sky_Cloud_Color.uasset" 371
"../../../Engine/Content/EngineSky/C_Sky_Horizon_Color.uasset" 372
"../../../Engine/Content/EngineSky/C_Sky_Zenith_Color.uasset" 373
"../../../Engine/Content/EngineSky/T_Sky_Blue.uasset" 374
"../../../Engine/Content/EngineSky/T_Sky_Clouds_M.uasset" 375
"../../../Engine/Content/EngineSky/T_Sky_Stars.uasset" 376
"../../../../../../mnt/cafb6ca7-e023-440f-87de-8e3b343eb004/home_estebagel/Unreal Projects/codetest/MyProjecttest/Content/Textures/sky/T_levelZ_background_mtarayat.uasset" 377
"../../../../../../mnt/cafb6ca7-e023-440f-87de-8e3b343eb004/home_estebagel/Unreal Projects/codetest/MyProjecttest/Content/myICHUBP/BP_Actor/sky/M_Sky_Panning_Clouds2PSV.uasset" 378
"../../../../../../mnt/cafb6ca7-e023-440f-87de-8e3b343eb004/home_estebagel/Unreal Projects/codetest/MyProjecttest/Content/myICHUBP/BP_Actor/sky/SM_SkySpherePSV.uasset" 379
"../../../../../../mnt/cafb6ca7-e023-440f-87de-8e3b343eb004/home_estebagel/Unreal Projects/codetest/MyProjecttest/Content/myICHUBP/BP_Actor/sky/BP_Sky_Sphere_PSV.uasset" 380
"../../../../../../mnt/cafb6ca7-e023-440f-87de-8e3b343eb004/home_estebagel/Unreal Projects/codetest/MyProjecttest/Content/Maps/testing/mariotest_BuiltData.uasset" 381
"../../../../../../mnt/cafb6ca7-e023-440f-87de-8e3b343eb004/home_estebagel/Unreal Projects/codetest/MyProjecttest/Content/Dangerous32/Textures/M_24_SOW_AFN_LANDSCAPE/T_SOW_Dirt_01_DIFF.uasset" 382
"../../../../../../mnt/cafb6ca7-e023-440f-87de-8e3b343eb004/home_estebagel/Unreal Projects/codetest/MyProjecttest/Content/Dangerous32/Textures/M_24_SOW_AFN_LANDSCAPE/T_SOW_Dirt_01_NRM.uasset" 383
"../../../../../../mnt/cafb6ca7-e023-440f-87de-8e3b343eb004/home_estebagel/Unreal Projects/codetest/MyProjecttest/Content/Dangerous32/Textures/M_24_SOW_AFN_LANDSCAPE/T_SOW_Dirt_01_DIFF_Mat.uasset" 384
"../../../Engine/Content/MapTemplates/SM_Template_Map_Floor.uasset" 385
"../../../../../../mnt/cafb6ca7-e023-440f-87de-8e3b343eb004/home_estebagel/Unreal Projects/codetest/MyProjecttest/Content/Maps/testing/mariotest.umap" 386
"../../../../../../mnt/cafb6ca7-e023-440f-87de-8e3b343eb004/home_estebagel/Unreal Projects/codetest/MyProjecttest/Content/Maps/testing/menu.uasset" 387
"../../../../../../mnt/cafb6ca7-e023-440f-87de-8e3b343eb004/home_estebagel/Unreal Projects/codetest/MyProjecttest/Content/Maps/testing/menuMAP.umap" 388
"../../../../../../mnt/cafb6ca7-e023-440f-87de-8e3b343eb004/home_estebagel/Unreal Projects/codetest/MyProjecttest/Content/myICHUBP/gameframework/SaveGame/GlobalOptions2Struct.uasset" 389
"../../../../../../mnt/cafb6ca7-e023-440f-87de-8e3b343eb004/home_estebagel/Unreal Projects/codetest/MyProjecttest/Content/myICHUBP/gameframework/SaveGame/GlobalOptions2SaveGame.uasset" 390
"../../../../../../mnt/cafb6ca7-e023-440f-87de-8e3b343eb004/home_estebagel/Unreal Projects/codetest/MyProjecttest/Content/myICHUBP/gameframework/ichugameinstance.uasset" 391
"../../../../../../mnt/cafb6ca7-e023-440f-87de-8e3b343eb004/home_estebagel/Unreal Projects/codetest/MyProjecttest/Content/myICHUBP/gameframework/ICHUGameStateBase.uasset" 392
"../../../../../../mnt/cafb6ca7-e023-440f-87de-8e3b343eb004/home_estebagel/Unreal Projects/codetest/MyProjecttest/Content/myICHUBP/gameframework/ICHUPlayerController.uasset" 393
"../../../../../../mnt/cafb6ca7-e023-440f-87de-8e3b343eb004/home_estebagel/Unreal Projects/codetest/MyProjecttest/Content/myICHUBP/gameframework/ICHUPlayerState.uasset" 394
"../../../../../../mnt/cafb6ca7-e023-440f-87de-8e3b343eb004/home_estebagel/Unreal Projects/codetest/MyProjecttest/Content/character/Jin/60100_JinF_Skeleton.uasset" 395
"../../../../../../mnt/cafb6ca7-e023-440f-87de-8e3b343eb004/home_estebagel/Unreal Projects/codetest/MyProjecttest/Content/character/Jin/animationsredone/Jin_ThirdPerson_Jump.uasset" 396
"../../../../../../mnt/cafb6ca7-e023-440f-87de-8e3b343eb004/home_estebagel/Unreal Projects/codetest/MyProjecttest/Content/character/Jin/animationsredone/Jin_ThirdPerson_WallRunRight.uasset" 397
"../../../../../../mnt/cafb6ca7-e023-440f-87de-8e3b343eb004/home_estebagel/Unreal Projects/codetest/MyProjecttest/Content/character/Jin/animationsredone/Jin_ThirdPersonJump_Loop.uasset" 398
"../../../../../../mnt/cafb6ca7-e023-440f-87de-8e3b343eb004/home_estebagel/Unreal Projects/codetest/MyProjecttest/Content/character/Jin/animationsredone/Jin_ThirdPersonJump_Start.uasset" 399
"../../../../../../mnt/cafb6ca7-e023-440f-87de-8e3b343eb004/home_estebagel/Unreal Projects/codetest/MyProjecttest/Content/character/Jin/animationsredone/TestThirdPersonClimb.uasset" 400
"../../../../../../mnt/cafb6ca7-e023-440f-87de-8e3b343eb004/home_estebagel/Unreal Projects/codetest/MyProjecttest/Content/character/Jin/animationsredone/WallRunLeft.uasset" 401
"../../../../../../mnt/cafb6ca7-e023-440f-87de-8e3b343eb004/home_estebagel/Unreal Projects/codetest/MyProjecttest/Content/character/Jin/animationsredone/Jin_ThirdPersonIdle.uasset" 402
"../../../../../../mnt/cafb6ca7-e023-440f-87de-8e3b343eb004/home_estebagel/Unreal Projects/codetest/MyProjecttest/Content/character/Jin/animationsredone/Jin_ThirdPersonRun.uasset" 403
"../../../../../../mnt/cafb6ca7-e023-440f-87de-8e3b343eb004/home_estebagel/Unreal Projects/codetest/MyProjecttest/Content/character/Jin/animationsredone/Jin_ThirdPersonWalk.uasset" 404
"../../../../../../mnt/cafb6ca7-e023-440f-87de-8e3b343eb004/home_estebagel/Unreal Projects/codetest/MyProjecttest/Content/character/Jin/animationsredone/Jin_ThirdPerson_IdleRun_2D.uasset" 405
"../../../../../../mnt/cafb6ca7-e023-440f-87de-8e3b343eb004/home_estebagel/Unreal Projects/codetest/MyProjecttest/Content/Mannequin/AnimationsTest/TestThirdPersonClimb.uasset" 406
"../../../../../../mnt/cafb6ca7-e023-440f-87de-8e3b343eb004/home_estebagel/Unreal Projects/codetest/MyProjecttest/Content/Mannequin/AnimationsTest/TestThirdPersonJump_End.uasset" 407
"../../../../../../mnt/cafb6ca7-e023-440f-87de-8e3b343eb004/home_estebagel/Unreal Projects/codetest/MyProjecttest/Content/Mannequin/AnimationsTest/TestThirdPersonJump_Start.uasset" 408
"../../../../../../mnt/cafb6ca7-e023-440f-87de-8e3b343eb004/home_estebagel/Unreal Projects/codetest/MyProjecttest/Content/Mannequin/AnimationsTest/TestThirdPersonWallRunLeft.uasset" 409
"../../../../../../mnt/cafb6ca7-e023-440f-87de-8e3b343eb004/home_estebagel/Unreal Projects/codetest/MyProjecttest/Content/Mannequin/AnimationsTest/TestThirdPersonWallRunRight.uasset" 410
"../../../../../../mnt/cafb6ca7-e023-440f-87de-8e3b343eb004/home_estebagel/Unreal Projects/codetest/MyProjecttest/Content/Mannequin/AnimationsTest/TestThirdPerson_IdleRun_2D.uasset" 411
"../../../../../../mnt/cafb6ca7-e023-440f-87de-8e3b343eb004/home_estebagel/Unreal Projects/codetest/MyProjecttest/Content/Mannequin/AnimationsTest/TestThirdPerson_JumpClimb_2D.uasset" 412
"../../../../../../mnt/cafb6ca7-e023-440f-87de-8e3b343eb004/home_estebagel/Unreal Projects/codetest/MyProjecttest/Content/Mannequin/AnimationsTest/TestThirdPerson_AnimBP.uasset" 413
"../../../../../../mnt/cafb6ca7-e023-440f-87de-8e3b343eb004/home_estebagel/Unreal Projects/codetest/MyProjecttest/Content/myICHUBP/Hud/cameratoggle/CameraSwitcherTexture.uasset" 414
"../../../../../../mnt/cafb6ca7-e023-440f-87de-8e3b343eb004/home_estebagel/Unreal Projects/codetest/MyProjecttest/Content/myICHUBP/Hud/cameratoggle/CameraSwitcherTexture_Mat.uasset" 415
"../../../../../../mnt/cafb6ca7-e023-440f-87de-8e3b343eb004/home_estebagel/Unreal Projects/codetest/MyProjecttest/Content/myICHUBP/Hud/cameratoggle/FrontCameraScreenTexture.uasset" 416
"../../../../../../mnt/cafb6ca7-e023-440f-87de-8e3b343eb004/home_estebagel/Unreal Projects/codetest/MyProjecttest/Content/myICHUBP/Hud/cameratoggle/FrontCameraScreenTexture_Mat.uasset" 417
"../../../../../../mnt/cafb6ca7-e023-440f-87de-8e3b343eb004/home_estebagel/Unreal Projects/codetest/MyProjecttest/Content/myICHUBP/Hud/HudCharacterTest.uasset" 418
"../../../../../../mnt/cafb6ca7-e023-440f-87de-8e3b343eb004/home_estebagel/Unreal Projects/codetest/MyProjecttest/Content/Textures/UI/myICHUTitle.uasset" 419
"../../../../../../mnt/cafb6ca7-e023-440f-87de-8e3b343eb004/home_estebagel/Unreal Projects/codetest/MyProjecttest/Content/Textures/UI/T_UI_ichuCheckbox_Checked.uasset" 420
"../../../../../../mnt/cafb6ca7-e023-440f-87de-8e3b343eb004/home_estebagel/Unreal Projects/codetest/MyProjecttest/Content/Textures/UI/T_UI_ichuCheckbox_Unchecked.uasset" 421
"../../../../../../mnt/cafb6ca7-e023-440f-87de-8e3b343eb004/home_estebagel/Unreal Projects/codetest/MyProjecttest/Content/myICHUBP/Menu/fulloptionsMENU.uasset" 422
"../../../../../../mnt/cafb6ca7-e023-440f-87de-8e3b343eb004/home_estebagel/Unreal Projects/codetest/MyProjecttest/Content/myICHUBP/Menu/ingameoptionsMENU.uasset" 423
"../../../../../../mnt/cafb6ca7-e023-440f-87de-8e3b343eb004/home_estebagel/Unreal Projects/codetest/MyProjecttest/Content/myICHUBP/Menu/ingameMENU.uasset" 424
"../../../../../../mnt/cafb6ca7-e023-440f-87de-8e3b343eb004/home_estebagel/Unreal Projects/codetest/MyProjecttest/Content/myICHUBP/TestThirdPersonCharacter.uasset" 425
"../../../../../../mnt/cafb6ca7-e023-440f-87de-8e3b343eb004/home_estebagel/Unreal Projects/codetest/MyProjecttest/Content/character/Jin/BODY_60100_JinF_col1_D.uasset" 426
"../../../../../../mnt/cafb6ca7-e023-440f-87de-8e3b343eb004/home_estebagel/Unreal Projects/codetest/MyProjecttest/Content/character/Jin/BODY_60100_JinF_col1_N.uasset" 427
"../../../../../../mnt/cafb6ca7-e023-440f-87de-8e3b343eb004/home_estebagel/Unreal Projects/codetest/MyProjecttest/Content/character/Jin/BODY_60100_JinF_col1_S.uasset" 428
"../../../../../../mnt/cafb6ca7-e023-440f-87de-8e3b343eb004/home_estebagel/Unreal Projects/codetest/MyProjecttest/Content/character/Jin/60100_JinF_Body.uasset" 429
"../../../../../../mnt/cafb6ca7-e023-440f-87de-8e3b343eb004/home_estebagel/Unreal Projects/codetest/MyProjecttest/Content/character/Jin/EYE_JinF00.uasset" 430
"../../../../../../mnt/cafb6ca7-e023-440f-87de-8e3b343eb004/home_estebagel/Unreal Projects/codetest/MyProjecttest/Content/character/Jin/60100_JinF_Eye.uasset" 431
"../../../../../../mnt/cafb6ca7-e023-440f-87de-8e3b343eb004/home_estebagel/Unreal Projects/codetest/MyProjecttest/Content/character/Jin/HAIR_JinF_031_col1_D.uasset" 432
"../../../../../../mnt/cafb6ca7-e023-440f-87de-8e3b343eb004/home_estebagel/Unreal Projects/codetest/MyProjecttest/Content/character/Jin/HAIR_JinF_031_col1_N.uasset" 433
"../../../../../../mnt/cafb6ca7-e023-440f-87de-8e3b343eb004/home_estebagel/Unreal Projects/codetest/MyProjecttest/Content/character/Jin/60100_JinF_Hair.uasset" 434
"../../../../../../mnt/cafb6ca7-e023-440f-87de-8e3b343eb004/home_estebagel/Unreal Projects/codetest/MyProjecttest/Content/character/Jin/HEAD_Diffuse_001.uasset" 435
"../../../../../../mnt/cafb6ca7-e023-440f-87de-8e3b343eb004/home_estebagel/Unreal Projects/codetest/MyProjecttest/Content/character/Jin/HEAD_Normal_001.uasset" 436
"../../../../../../mnt/cafb6ca7-e023-440f-87de-8e3b343eb004/home_estebagel/Unreal Projects/codetest/MyProjecttest/Content/character/Jin/60100_JinF_Head.uasset" 437
"../../../../../../mnt/cafb6ca7-e023-440f-87de-8e3b343eb004/home_estebagel/Unreal Projects/codetest/MyProjecttest/Content/character/Jin/60100_JinF_PhysicsAsset.uasset" 438
"../../../../../../mnt/cafb6ca7-e023-440f-87de-8e3b343eb004/home_estebagel/Unreal Projects/codetest/MyProjecttest/Content/character/Jin/60100_JinF.uasset" 439
"../../../../../../mnt/cafb6ca7-e023-440f-87de-8e3b343eb004/home_estebagel/Unreal Projects/codetest/MyProjecttest/Content/myICHUBP/JinTPCharacter.uasset" 440
"../../../../../../mnt/cafb6ca7-e023-440f-87de-8e3b343eb004/home_estebagel/Unreal Projects/codetest/MyProjecttest/Content/character/Jin/animationsredone/Jin_ThirdPerson_AnimBP.uasset" 441
"../../../../../../mnt/cafb6ca7-e023-440f-87de-8e3b343eb004/home_estebagel/Unreal Projects/codetest/MyProjecttest/Content/myICHUBP/OGThirdPersonCharacter.uasset" 442
"../../../../../../mnt/cafb6ca7-e023-440f-87de-8e3b343eb004/home_estebagel/Unreal Projects/codetest/MyProjecttest/Content/otherprograms/gimp/loading_screen/loading_screen_image.uasset" 443
"../../../../../../mnt/cafb6ca7-e023-440f-87de-8e3b343eb004/home_estebagel/Unreal Projects/codetest/MyProjecttest/Content/otherprograms/gimp/loading_screen/loading_screen_image_Mat.uasset" 444
"../../../../../../mnt/cafb6ca7-e023-440f-87de-8e3b343eb004/home_estebagel/Unreal Projects/codetest/MyProjecttest/Content/otherprograms/gimp/loading_screen/loading_screen_text.uasset" 445
"../../../../../../mnt/cafb6ca7-e023-440f-87de-8e3b343eb004/home_estebagel/Unreal Projects/codetest/MyProjecttest/Content/myICHUBP/Menu/loading_screen.uasset" 446
"../../../../../../mnt/cafb6ca7-e023-440f-87de-8e3b343eb004/home_estebagel/Unreal Projects/codetest/MyProjecttest/Content/myICHUBP/gameframework/BP_ICHUFunctionLibrary.uasset" 447
"../../../../../../mnt/cafb6ca7-e023-440f-87de-8e3b343eb004/home_estebagel/Unreal Projects/codetest/MyProjecttest/Content/Textures/Hud/coinhud.uasset" 448
"../../../../../../mnt/cafb6ca7-e023-440f-87de-8e3b343eb004/home_estebagel/Unreal Projects/codetest/MyProjecttest/Content/myICHUBP/Hud/BP_ICHUHud/GameHud.uasset" 449
"../../../../../../mnt/cafb6ca7-e023-440f-87de-8e3b343eb004/home_estebagel/Unreal Projects/codetest/MyProjecttest/Content/myICHUBP/Hud/ICHUHud.uasset" 450
"../../../../../../mnt/cafb6ca7-e023-440f-87de-8e3b343eb004/home_estebagel/Unreal Projects/codetest/MyProjecttest/Content/myICHUBP/gameframework/ICHUThirdPersonGameMode.uasset" 451
"../../../../../../mnt/cafb6ca7-e023-440f-87de-8e3b343eb004/home_estebagel/Unreal Projects/codetest/MyProjecttest/Content/Maps/testing/wallrunning_BuiltData.uasset" 452
"../../../../../../mnt/cafb6ca7-e023-440f-87de-8e3b343eb004/home_estebagel/Unreal Projects/codetest/MyProjecttest/Content/Textures/MSC_Textures/T_Ground_Grass_D.uasset" 453
"../../../../../../mnt/cafb6ca7-e023-440f-87de-8e3b343eb004/home_estebagel/Unreal Projects/codetest/MyProjecttest/Content/Textures/MSC_Textures/T_Ground_Grass_N.uasset" 454
"../../../../../../mnt/cafb6ca7-e023-440f-87de-8e3b343eb004/home_estebagel/Unreal Projects/codetest/MyProjecttest/Content/Materials/MSC_Materials/M_Ground_Grass.uasset" 455
"../../../../../../mnt/cafb6ca7-e023-440f-87de-8e3b343eb004/home_estebagel/Unreal Projects/codetest/MyProjecttest/Content/StarterContent/Textures/T_Ground_Grass_D.uasset" 456
"../../../../../../mnt/cafb6ca7-e023-440f-87de-8e3b343eb004/home_estebagel/Unreal Projects/codetest/MyProjecttest/Content/StarterContent/Textures/T_Ground_Grass_N.uasset" 457
"../../../../../../mnt/cafb6ca7-e023-440f-87de-8e3b343eb004/home_estebagel/Unreal Projects/codetest/MyProjecttest/Content/StarterContent/Textures/T_MacroVariation.uasset" 458
"../../../../../../mnt/cafb6ca7-e023-440f-87de-8e3b343eb004/home_estebagel/Unreal Projects/codetest/MyProjecttest/Content/StarterContent/Textures/T_Perlin_Noise_M.uasset" 459
"../../../../../../mnt/cafb6ca7-e023-440f-87de-8e3b343eb004/home_estebagel/Unreal Projects/codetest/MyProjecttest/Content/StarterContent/Materials/M_Ground_Grass.uasset" 460
"../../../Engine/Content/BasicShapes/Plane.uasset" 461
"../../../../../../mnt/cafb6ca7-e023-440f-87de-8e3b343eb004/home_estebagel/Unreal Projects/codetest/MyProjecttest/Content/Textures/MSC_Textures/T_Brick_Clay_New_D.uasset" 462
"../../../../../../mnt/cafb6ca7-e023-440f-87de-8e3b343eb004/home_estebagel/Unreal Projects/codetest/MyProjecttest/Content/Textures/MSC_Textures/T_Brick_Clay_New_M.uasset" 463
"../../../../../../mnt/cafb6ca7-e023-440f-87de-8e3b343eb004/home_estebagel/Unreal Projects/codetest/MyProjecttest/Content/Textures/MSC_Textures/T_Brick_Clay_New_N.uasset" 464
"../../../../../../mnt/cafb6ca7-e023-440f-87de-8e3b343eb004/home_estebagel/Unreal Projects/codetest/MyProjecttest/Content/Materials/MSC_Materials/M_Brick_Clay_New.uasset" 465
"../../../../../../mnt/cafb6ca7-e023-440f-87de-8e3b343eb004/home_estebagel/Unreal Projects/codetest/MyProjecttest/Content/Materials/level1/M_Brick_Clay_Inst_long.uasset" 466
"../../../../../../mnt/cafb6ca7-e023-440f-87de-8e3b343eb004/home_estebagel/Unreal Projects/codetest/MyProjecttest/Content/Materials/level1/M_Brick_Clay_Inst_small.uasset" 467
"../../../../../../mnt/cafb6ca7-e023-440f-87de-8e3b343eb004/home_estebagel/Unreal Projects/codetest/MyProjecttest/Content/Materials/level1/M_Brick_Clay_Inst_med_Inst.uasset" 468
"../../../../../../mnt/cafb6ca7-e023-440f-87de-8e3b343eb004/home_estebagel/Unreal Projects/codetest/MyProjecttest/Content/Materials/level1/M_Brick_Clay_Inst_800x200.uasset" 469
"../../../../../../mnt/cafb6ca7-e023-440f-87de-8e3b343eb004/home_estebagel/Unreal Projects/codetest/MyProjecttest/Content/Materials/level1/M_Brick_Clay_New.uasset" 470
"../../../../../../mnt/cafb6ca7-e023-440f-87de-8e3b343eb004/home_estebagel/Unreal Projects/codetest/MyProjecttest/Content/StaticMeshes/level1/SM_BrickWall_800x200.uasset" 471
"../../../../../../mnt/cafb6ca7-e023-440f-87de-8e3b343eb004/home_estebagel/Unreal Projects/codetest/MyProjecttest/Content/Maps/testing/wallrunning.umap" 472
"../../../Engine/Content/EngineSky/M_Sky_Panning_Clouds2.uasset" 473
"../../../Engine/Content/EngineSky/SM_SkySphere.uasset" 474
"../../../Engine/Content/EngineSky/BP_Sky_Sphere.uasset" 475
"../../../../../../mnt/cafb6ca7-e023-440f-87de-8e3b343eb004/home_estebagel/Unreal Projects/codetest/MyProjecttest/Content/ThirdPersonBP/Maps/ThirdPersonExampleMap_BuiltData.uasset" 476
"../../../../../../mnt/cafb6ca7-e023-440f-87de-8e3b343eb004/home_estebagel/Unreal Projects/codetest/MyProjecttest/Content/Geometry/Meshes/CubeMaterial.uasset" 477
"../../../../../../mnt/cafb6ca7-e023-440f-87de-8e3b343eb004/home_estebagel/Unreal Projects/codetest/MyProjecttest/Content/Geometry/Meshes/1M_Cube.uasset" 478
"../../../../../../mnt/cafb6ca7-e023-440f-87de-8e3b343eb004/home_estebagel/Unreal Projects/codetest/MyProjecttest/Content/Geometry/Meshes/1M_Cube_Chamfer.uasset" 479
"../../../../../../mnt/cafb6ca7-e023-440f-87de-8e3b343eb004/home_estebagel/Unreal Projects/codetest/MyProjecttest/Content/Geometry/Meshes/TemplateFloor.uasset" 480
"../../../../../../mnt/cafb6ca7-e023-440f-87de-8e3b343eb004/home_estebagel/Unreal Projects/codetest/MyProjecttest/Content/ThirdPerson/Meshes/RampMaterial.uasset" 481
"../../../../../../mnt/cafb6ca7-e023-440f-87de-8e3b343eb004/home_estebagel/Unreal Projects/codetest/MyProjecttest/Content/ThirdPerson/Meshes/Bump_StaticMesh.uasset" 482
"../../../../../../mnt/cafb6ca7-e023-440f-87de-8e3b343eb004/home_estebagel/Unreal Projects/codetest/MyProjecttest/Content/ThirdPerson/Meshes/LeftArm_StaticMesh.uasset" 483
"../../../../../../mnt/cafb6ca7-e023-440f-87de-8e3b343eb004/home_estebagel/Unreal Projects/codetest/MyProjecttest/Content/ThirdPerson/Meshes/Linear_Stair_StaticMesh.uasset" 484
"../../../../../../mnt/cafb6ca7-e023-440f-87de-8e3b343eb004/home_estebagel/Unreal Projects/codetest/MyProjecttest/Content/ThirdPerson/Meshes/Ramp_StaticMesh.uasset" 485
"../../../../../../mnt/cafb6ca7-e023-440f-87de-8e3b343eb004/home_estebagel/Unreal Projects/codetest/MyProjecttest/Content/ThirdPerson/Meshes/RightArm_StaticMesh.uasset" 486
"../../../../../../mnt/cafb6ca7-e023-440f-87de-8e3b343eb004/home_estebagel/Unreal Projects/codetest/MyProjecttest/Content/ThirdPersonBP/Maps/ThirdPersonExampleMap.umap" 487
"../../../Engine/Content/Maps/Entry_BuiltData.uasset" 488
"../../../Engine/Content/Maps/Entry.umap" 489
